<?xml version="1.0" encoding="UTF-8" ?>
<testsuite tests="6" failures="0" name="edu.arielperez.advancedjava.MicrocontrollerTest" time="0.001" errors="0" skipped="0">
  <properties>
[...]
</properties>
  <testcase classname="edu.arielperez.advancedjava.MicrocontrollerTest" name="testStatus" time="0.001"/>
  <testcase classname="edu.arielperez.advancedjava.MicrocontrollerTest" name="testDirection" time="0"/>
  <testcase classname="edu.arielperez.advancedjava.MicrocontrollerTest" name="testStatusOn" time="0"/>
  <testcase classname="edu.arielperez.advancedjava.MicrocontrollerTest" name="testDirectionForward" time="0"/>
  <testcase classname="edu.arielperez.advancedjava.MicrocontrollerTest" name="testDirectionBackward" time="0"/>
  <testcase classname="edu.arielperez.advancedjava.MicrocontrollerTest" name="testMaximumSpeed" time="0"/>
</testsuite>